{"/home/carlos/back-form/src/app.ts": {"path":"/home/carlos/back-form/src/app.ts","all":false,"statementMap":{"0":{"start":{"line":1,"column":0},"end":{"line":1,"column":29}},"1":{"start":{"line":2,"column":0},"end":{"line":2,"column":44}},"2":{"start":{"line":3,"column":0},"end":{"line":3,"column":124}},"4":{"start":{"line":5,"column":0},"end":{"line":5,"column":63}},"6":{"start":{"line":7,"column":0},"end":{"line":7,"column":21}},"7":{"start":{"line":8,"column":0},"end":{"line":8,"column":11}},"8":{"start":{"line":9,"column":0},"end":{"line":9,"column":16}},"9":{"start":{"line":10,"column":0},"end":{"line":10,"column":28}},"10":{"start":{"line":11,"column":0},"end":{"line":11,"column":16}},"11":{"start":{"line":12,"column":0},"end":{"line":12,"column":36}},"12":{"start":{"line":13,"column":0},"end":{"line":13,"column":31}},"13":{"start":{"line":14,"column":0},"end":{"line":14,"column":8}},"14":{"start":{"line":15,"column":0},"end":{"line":15,"column":6}},"15":{"start":{"line":16,"column":0},"end":{"line":16,"column":4}},"16":{"start":{"line":17,"column":0},"end":{"line":17,"column":38}},"18":{"start":{"line":19,"column":0},"end":{"line":19,"column":42}},"20":{"start":{"line":21,"column":0},"end":{"line":21,"column":43}},"21":{"start":{"line":22,"column":0},"end":{"line":22,"column":45}},"23":{"start":{"line":24,"column":0},"end":{"line":24,"column":24}},"24":{"start":{"line":25,"column":0},"end":{"line":25,"column":28}},"25":{"start":{"line":26,"column":0},"end":{"line":26,"column":2}},"27":{"start":{"line":28,"column":0},"end":{"line":28,"column":29}}},"s":{"0":1,"1":1,"2":1,"4":1,"6":1,"7":1,"8":1,"9":1,"10":1,"11":1,"12":1,"13":1,"14":1,"15":1,"16":1,"18":1,"20":1,"21":1,"23":1,"24":0,"25":0,"27":1},"branchMap":{},"b":{},"fnMap":{},"f":{}}
,"/home/carlos/back-form/src/http/server.ts": {"path":"/home/carlos/back-form/src/http/server.ts","all":true,"statementMap":{"0":{"start":{"line":1,"column":0},"end":{"line":1,"column":31}},"2":{"start":{"line":3,"column":0},"end":{"line":3,"column":56}},"3":{"start":{"line":4,"column":0},"end":{"line":4,"column":37}},"4":{"start":{"line":5,"column":0},"end":{"line":5,"column":2}}},"s":{"0":0,"2":0,"3":0,"4":0},"branchMap":{"0":{"type":"branch","line":1,"loc":{"start":{"line":1,"column":0},"end":{"line":5,"column":-84}},"locations":[{"start":{"line":1,"column":0},"end":{"line":5,"column":-84}}]}},"b":{"0":[0]},"fnMap":{"0":{"name":"(empty-report)","decl":{"start":{"line":1,"column":0},"end":{"line":5,"column":-84}},"loc":{"start":{"line":1,"column":0},"end":{"line":5,"column":-84}},"line":1}},"f":{"0":0}}
,"/home/carlos/back-form/src/http/controllers/formSubmit.ts": {"path":"/home/carlos/back-form/src/http/controllers/formSubmit.ts","all":false,"statementMap":{"1":{"start":{"line":2,"column":0},"end":{"line":2,"column":25}},"2":{"start":{"line":3,"column":0},"end":{"line":3,"column":36}},"13":{"start":{"line":14,"column":0},"end":{"line":14,"column":43}},"14":{"start":{"line":15,"column":0},"end":{"line":15,"column":52}},"15":{"start":{"line":16,"column":0},"end":{"line":16,"column":21}},"16":{"start":{"line":17,"column":0},"end":{"line":17,"column":3}},"17":{"start":{"line":18,"column":0},"end":{"line":18,"column":80}},"20":{"start":{"line":21,"column":0},"end":{"line":21,"column":43}},"21":{"start":{"line":22,"column":0},"end":{"line":22,"column":16}},"22":{"start":{"line":23,"column":0},"end":{"line":23,"column":61}},"23":{"start":{"line":24,"column":0},"end":{"line":24,"column":5}},"25":{"start":{"line":26,"column":0},"end":{"line":26,"column":71}},"28":{"start":{"line":29,"column":0},"end":{"line":29,"column":31}},"30":{"start":{"line":31,"column":0},"end":{"line":31,"column":56}},"32":{"start":{"line":33,"column":0},"end":{"line":33,"column":7}},"33":{"start":{"line":34,"column":0},"end":{"line":34,"column":62}},"34":{"start":{"line":35,"column":0},"end":{"line":35,"column":20}},"35":{"start":{"line":36,"column":0},"end":{"line":36,"column":35}},"36":{"start":{"line":37,"column":0},"end":{"line":37,"column":39}},"37":{"start":{"line":38,"column":0},"end":{"line":38,"column":20}},"38":{"start":{"line":39,"column":0},"end":{"line":39,"column":18}},"39":{"start":{"line":40,"column":0},"end":{"line":40,"column":28}},"40":{"start":{"line":41,"column":0},"end":{"line":41,"column":29}},"41":{"start":{"line":42,"column":0},"end":{"line":42,"column":29}},"42":{"start":{"line":43,"column":0},"end":{"line":43,"column":30}},"43":{"start":{"line":44,"column":0},"end":{"line":44,"column":32}},"44":{"start":{"line":45,"column":0},"end":{"line":45,"column":10}},"45":{"start":{"line":46,"column":0},"end":{"line":46,"column":7}},"46":{"start":{"line":47,"column":0},"end":{"line":47,"column":7}},"48":{"start":{"line":49,"column":0},"end":{"line":49,"column":50}},"49":{"start":{"line":50,"column":0},"end":{"line":50,"column":19}},"50":{"start":{"line":51,"column":0},"end":{"line":51,"column":60}},"51":{"start":{"line":52,"column":0},"end":{"line":52,"column":66}},"52":{"start":{"line":53,"column":0},"end":{"line":53,"column":11}},"53":{"start":{"line":54,"column":0},"end":{"line":54,"column":3}},"55":{"start":{"line":56,"column":0},"end":{"line":56,"column":74}},"56":{"start":{"line":57,"column":0},"end":{"line":57,"column":1}}},"s":{"1":1,"2":1,"13":1,"14":1,"15":1,"16":1,"17":1,"20":1,"21":1,"22":1,"23":1,"25":1,"28":1,"30":1,"32":1,"33":1,"34":1,"35":1,"36":1,"37":1,"38":1,"39":1,"40":1,"41":1,"42":1,"43":1,"44":1,"45":1,"46":1,"48":1,"49":1,"50":0,"51":0,"52":0,"53":0,"55":1,"56":1},"branchMap":{"0":{"type":"branch","line":14,"loc":{"start":{"line":14,"column":0},"end":{"line":57,"column":1}},"locations":[{"start":{"line":14,"column":0},"end":{"line":57,"column":1}}]},"1":{"type":"branch","line":50,"loc":{"start":{"line":50,"column":2},"end":{"line":54,"column":3}},"locations":[{"start":{"line":50,"column":2},"end":{"line":54,"column":3}}]}},"b":{"0":[1],"1":[0]},"fnMap":{"0":{"name":"formSubmitController","decl":{"start":{"line":14,"column":0},"end":{"line":57,"column":1}},"loc":{"start":{"line":14,"column":0},"end":{"line":57,"column":1}},"line":14}},"f":{"0":1}}
,"/home/carlos/back-form/src/http/routes/form-submit.ts": {"path":"/home/carlos/back-form/src/http/routes/form-submit.ts","all":false,"statementMap":{"0":{"start":{"line":1,"column":0},"end":{"line":1,"column":19}},"2":{"start":{"line":3,"column":0},"end":{"line":3,"column":67}},"4":{"start":{"line":5,"column":0},"end":{"line":5,"column":73}},"5":{"start":{"line":6,"column":0},"end":{"line":6,"column":31}},"6":{"start":{"line":7,"column":0},"end":{"line":7,"column":13}},"7":{"start":{"line":8,"column":0},"end":{"line":8,"column":28}},"8":{"start":{"line":9,"column":0},"end":{"line":9,"column":38}},"9":{"start":{"line":10,"column":0},"end":{"line":10,"column":91}},"10":{"start":{"line":11,"column":0},"end":{"line":11,"column":22}},"11":{"start":{"line":12,"column":0},"end":{"line":12,"column":77}},"12":{"start":{"line":13,"column":0},"end":{"line":13,"column":51}},"13":{"start":{"line":14,"column":0},"end":{"line":14,"column":84}},"14":{"start":{"line":15,"column":0},"end":{"line":15,"column":81}},"15":{"start":{"line":16,"column":0},"end":{"line":16,"column":83}},"16":{"start":{"line":17,"column":0},"end":{"line":17,"column":9}},"17":{"start":{"line":18,"column":0},"end":{"line":18,"column":17}},"19":{"start":{"line":20,"column":0},"end":{"line":20,"column":92}},"20":{"start":{"line":21,"column":0},"end":{"line":21,"column":7}},"21":{"start":{"line":22,"column":0},"end":{"line":22,"column":6}},"22":{"start":{"line":23,"column":0},"end":{"line":23,"column":26}},"23":{"start":{"line":24,"column":0},"end":{"line":24,"column":1}}},"s":{"0":1,"2":1,"4":1,"5":1,"6":1,"7":1,"8":1,"9":1,"10":1,"11":1,"12":1,"13":1,"14":1,"15":1,"16":1,"17":1,"19":1,"20":1,"21":1,"22":1,"23":1},"branchMap":{"0":{"type":"branch","line":5,"loc":{"start":{"line":5,"column":54},"end":{"line":24,"column":1}},"locations":[{"start":{"line":5,"column":54},"end":{"line":24,"column":1}}]}},"b":{"0":[1]},"fnMap":{"0":{"name":"formSubmitRoute","decl":{"start":{"line":5,"column":54},"end":{"line":24,"column":1}},"loc":{"start":{"line":5,"column":54},"end":{"line":24,"column":1}},"line":5}},"f":{"0":1}}
}
